<?xml version="1.0" encoding="UTF-8"?>
<coverage generated="1740093726713" clover="3.2.0">
  <project timestamp="1740093726713" name="All files">
    <metrics statements="23" coveredstatements="16" conditionals="6" coveredconditionals="3" methods="3" coveredmethods="3" elements="32" coveredelements="22" complexity="0" loc="23" ncloc="23" packages="1" files="1" classes="1"/>
    <file name="Heading.tsx" path="/Users/amirdaneshmand/Desktop/Main/2fa.js/fullstack2fa/client/src/Heading.tsx">
      <metrics statements="23" coveredstatements="16" conditionals="6" coveredconditionals="3" methods="3" coveredmethods="3"/>
      <line num="9" count="1" type="stmt"/>
      <line num="10" count="1" type="stmt"/>
      <line num="11" count="1" type="stmt"/>
      <line num="12" count="1" type="stmt"/>
      <line num="14" count="1" type="stmt"/>
      <line num="15" count="1" type="stmt"/>
      <line num="16" count="1" type="stmt"/>
      <line num="17" count="1" type="stmt"/>
      <line num="20" count="1" type="stmt"/>
      <line num="21" count="0" type="stmt"/>
      <line num="22" count="0" type="stmt"/>
      <line num="24" count="0" type="stmt"/>
      <line num="26" count="0" type="stmt"/>
      <line num="28" count="0" type="stmt"/>
      <line num="32" count="1" type="stmt"/>
      <line num="35" count="1" type="stmt"/>
      <line num="37" count="1" type="cond" truecount="1" falsecount="1"/>
      <line num="38" count="0" type="stmt"/>
      <line num="41" count="1" type="cond" truecount="1" falsecount="1"/>
      <line num="42" count="0" type="stmt"/>
      <line num="45" count="1" type="cond" truecount="1" falsecount="1"/>
      <line num="46" count="1" type="stmt"/>
      <line num="49" count="1" type="stmt"/>
    </file>
  </project>
</coverage>
